<?xml version="1.0" encoding="UTF-8"?>
<testng-results skipped="0" failed="0" ignored="1" total="2" passed="1">
  <reporter-output>
  </reporter-output>
  <suite name="Sanity Suite" duration-ms="12549" started-at="2021-07-02T23:06:02 EDT" finished-at="2021-07-02T23:06:15 EDT">
    <groups>
    </groups>
    <test name="Test" duration-ms="12549" started-at="2021-07-02T23:06:02 EDT" finished-at="2021-07-02T23:06:15 EDT">
      <class name="test.LoginTest">
        <test-method status="PASS" signature="setup()[pri:0, instance:test.LoginTest@4493d195]" name="setup" is-config="true" duration-ms="3604" started-at="2021-07-02T23:06:02 EDT" finished-at="2021-07-02T23:06:06 EDT">
          <reporter-output>
          </reporter-output>
        </test-method> <!-- setup -->
        <test-method status="PASS" signature="LoginTest2()[pri:0, instance:test.LoginTest@4493d195]" name="LoginTest2" duration-ms="8632" started-at="2021-07-02T23:06:06 EDT" finished-at="2021-07-02T23:06:14 EDT">
          <reporter-output>
          </reporter-output>
        </test-method> <!-- LoginTest2 -->
        <test-method status="PASS" signature="tearDown()[pri:0, instance:test.LoginTest@4493d195]" name="tearDown" is-config="true" duration-ms="279" started-at="2021-07-02T23:06:14 EDT" finished-at="2021-07-02T23:06:15 EDT">
          <reporter-output>
          </reporter-output>
        </test-method> <!-- tearDown -->
      </class> <!-- test.LoginTest -->
    </test> <!-- Test -->
  </suite> <!-- Sanity Suite -->
</testng-results>
